2025-11-13 21:25:10,539 - INFO -  Creating Vendor Summary Table...
2025-11-13 21:25:40,850 - INFO - Sample summary data:
   VendorNumber                   VendorName  Brand              Description  PurchasePrice  ...  TotalSalesQuantity TotalSalesDollars  TotalSalesPrice  TotalExciseTax    FreightCost
0          1128  BROWN-FORMAN CORP             1233  Jack Daniels No 7 Black          26.27  ...            142049.0      5.101920e+06    672819.341167   260999.198781   68601.680141
1          4425        MARTIGNETTI COMPANIES   3405    Tito's Handmade Vodka          23.19  ...            160247.0      4.819073e+06    561512.375851   294438.657920  144929.240166
2         17035  PERNOD RICARD USA             8068         Absolut 80 Proof          18.24  ...            187140.0      4.538121e+06    461140.145689   343854.067793  123780.220203
3          3960  DIAGEO NORTH AMERICA INC      4261   Capt Morgan Spiced Rum          16.17  ...            200412.0      4.475973e+06    420050.005789   368242.797294  257032.069523
4          3960  DIAGEO NORTH AMERICA INC      3545          Ketel One Vodka          21.89  ...            135838.0      4.223108e+06    545778.283312   249587.828808  257032.069523

[5 rows x 14 columns]
2025-11-13 21:25:40,850 - INFO -  Cleaning Data...
2025-11-13 21:25:40,866 - INFO - Cleaned data sample:
   VendorNumber                VendorName  Brand              Description  PurchasePrice  ActualPrice  ...  TotalExciseTax    FreightCost   GrossProfit  ProfitMargin  StockTurnover  SalesToPurchaseRatio
0          1128         BROWN-FORMAN CORP   1233  Jack Daniels No 7 Black          26.27        36.99  ...   260999.198781   68601.680141  1.290668e+06     25.297693       0.979108              1.338647
1          4425     MARTIGNETTI COMPANIES   3405    Tito's Handmade Vodka          23.19        28.99  ...   294438.657920  144929.240166  1.015032e+06     21.062810       0.976890              1.266830
2         17035         PERNOD RICARD USA   8068         Absolut 80 Proof          18.24        24.99  ...   343854.067793  123780.220203  1.119817e+06     24.675786       0.998575              1.327594
3          3960  DIAGEO NORTH AMERICA INC   4261   Capt Morgan Spiced Rum          16.17        22.99  ...   368242.797294  257032.069523  1.214775e+06     27.139908       0.993703              1.372493
4          3960  DIAGEO NORTH AMERICA INC   3545          Ketel One Vodka          21.89        29.99  ...   249587.828808  257032.069523  1.199902e+06     28.412765       0.983556              1.396897

[5 rows x 18 columns]
2025-11-13 21:25:40,867 - INFO -  Ingesting Data...
2025-11-13 21:25:43,063 - INFO -  Data successfully ingested into 'vendor_sales_summary'.
2025-11-13 21:25:43,063 - INFO -  Completed Successfully.
2025-11-13 21:25:43,136 - INFO -  Connection closed.
2025-11-13 21:44:24,270 - INFO -  Connected to database: inventory
2025-11-13 21:44:24,270 - INFO -  Creating Vendor Summary Table...
2025-11-13 21:44:54,710 - INFO - Sample summary data:
   VendorNumber                   VendorName  Brand              Description  PurchasePrice  ...  TotalSalesQuantity TotalSalesDollars  TotalSalesPrice  TotalExciseTax    FreightCost
0          1128  BROWN-FORMAN CORP             1233  Jack Daniels No 7 Black          26.27  ...            142049.0      5.101920e+06    672819.341167   260999.198781   68601.680141
1          4425        MARTIGNETTI COMPANIES   3405    Tito's Handmade Vodka          23.19  ...            160247.0      4.819073e+06    561512.375851   294438.657920  144929.240166
2         17035  PERNOD RICARD USA             8068         Absolut 80 Proof          18.24  ...            187140.0      4.538121e+06    461140.145689   343854.067793  123780.220203
3          3960  DIAGEO NORTH AMERICA INC      4261   Capt Morgan Spiced Rum          16.17  ...            200412.0      4.475973e+06    420050.005789   368242.797294  257032.069523
4          3960  DIAGEO NORTH AMERICA INC      3545          Ketel One Vodka          21.89  ...            135838.0      4.223108e+06    545778.283312   249587.828808  257032.069523

[5 rows x 14 columns]
2025-11-13 21:44:54,711 - INFO -  Cleaning Data...
2025-11-13 21:44:54,727 - INFO - Cleaned data sample:
   VendorNumber                VendorName  Brand              Description  PurchasePrice  ActualPrice  ...  TotalExciseTax    FreightCost   GrossProfit  ProfitMargin  StockTurnover  SalesToPurchaseRatio
0          1128         BROWN-FORMAN CORP   1233  Jack Daniels No 7 Black          26.27        36.99  ...   260999.198781   68601.680141  1.290668e+06     25.297693       0.979108              1.338647
1          4425     MARTIGNETTI COMPANIES   3405    Tito's Handmade Vodka          23.19        28.99  ...   294438.657920  144929.240166  1.015032e+06     21.062810       0.976890              1.266830
2         17035         PERNOD RICARD USA   8068         Absolut 80 Proof          18.24        24.99  ...   343854.067793  123780.220203  1.119817e+06     24.675786       0.998575              1.327594
3          3960  DIAGEO NORTH AMERICA INC   4261   Capt Morgan Spiced Rum          16.17        22.99  ...   368242.797294  257032.069523  1.214775e+06     27.139908       0.993703              1.372493
4          3960  DIAGEO NORTH AMERICA INC   3545          Ketel One Vodka          21.89        29.99  ...   249587.828808  257032.069523  1.199902e+06     28.412765       0.983556              1.396897

[5 rows x 18 columns]
2025-11-13 21:44:54,727 - INFO -  Ingesting Data...
2025-11-13 21:47:26,601 - INFO -  Ingested 10,692 rows into 'vendor_sales_summary'.
2025-11-13 21:47:26,607 - INFO -  ETL Completed Successfully.
